<?xml version="1.0" encoding="UTF-8" ?>
<testsuite tests="4" failures="0" name="com.xwiki.authentication.sts.XWikiSTSAuthenticatorTest" time="7.145" errors="0" skipped="0">
  <properties>
    <property name="java.runtime.name" value="OpenJDK Runtime Environment"/>
    <property name="sun.boot.library.path" value="/usr/lib/jvm/java-8-openjdk-amd64/jre/lib/amd64"/>
    <property name="java.vm.version" value="25.111-b14"/>
    <property name="java.vm.vendor" value="Oracle Corporation"/>
    <property name="java.vendor.url" value="http://java.oracle.com/"/>
    <property name="path.separator" value=":"/>
    <property name="java.vm.name" value="OpenJDK 64-Bit Server VM"/>
    <property name="file.encoding.pkg" value="sun.io"/>
    <property name="user.country" value="US"/>
    <property name="sun.java.launcher" value="SUN_STANDARD"/>
    <property name="sun.os.patch.level" value="unknown"/>
    <property name="java.vm.specification.name" value="Java Virtual Machine Specification"/>
    <property name="user.dir" value="/home/student/workspace/xwiki-authentication-sts"/>
    <property name="java.runtime.version" value="1.8.0_111-8u111-b14-2ubuntu0.16.04.2-b14"/>
    <property name="java.awt.graphicsenv" value="sun.awt.X11GraphicsEnvironment"/>
    <property name="basedir" value="/home/student/workspace/xwiki-authentication-sts"/>
    <property name="java.endorsed.dirs" value="/usr/lib/jvm/java-8-openjdk-amd64/jre/lib/endorsed"/>
    <property name="os.arch" value="amd64"/>
    <property name="surefire.real.class.path" value="/tmp/surefirebooter206996026581773682.jar"/>
    <property name="java.io.tmpdir" value="/tmp"/>
    <property name="line.separator" value="
"/>
    <property name="java.vm.specification.vendor" value="Oracle Corporation"/>
    <property name="os.name" value="Linux"/>
    <property name="sun.jnu.encoding" value="UTF-8"/>
    <property name="java.library.path" value="/usr/java/packages/lib/amd64:/usr/lib/x86_64-linux-gnu/jni:/lib/x86_64-linux-gnu:/usr/lib/x86_64-linux-gnu:/usr/lib/jni:/lib:/usr/lib"/>
    <property name="surefire.test.class.path" value="/home/student/workspace/xwiki-authentication-sts/target/test-classes:/home/student/workspace/xwiki-authentication-sts/target/classes:/home/student/.m2/repository/com/xpn/xwiki/platform/xwiki-core/2.4.4/xwiki-core-2.4.4.jar:/home/student/.m2/repository/exo-platform/exo-platform.container/2.0/exo-platform.container-2.0.jar:/home/student/.m2/repository/exo-platform/exo-platform.commons/2.0/exo-platform.commons-2.0.jar:/home/student/.m2/repository/exo-platform/exo-platform.service.organization.api/2.0/exo-platform.service.organization.api-2.0.jar:/home/student/.m2/repository/exo-platform/exo-platform.service.security.api/2.0/exo-platform.service.security.api-2.0.jar:/home/student/.m2/repository/exo-platform/exo-platform.service.database.api/2.0/exo-platform.service.database.api-2.0.jar:/home/student/.m2/repository/org/suigeneris/jrcs.diff/0.4.2/jrcs.diff-0.4.2.jar:/home/student/.m2/repository/org/suigeneris/jrcs.rcs/0.4.2/jrcs.rcs-0.4.2.jar:/home/student/.m2/repository/org/apache/jackrabbit/jackrabbit-core/1.1-xwiki/jackrabbit-core-1.1-xwiki.jar:/home/student/.m2/repository/com/google/googleapi/UNKNOWN/googleapi-UNKNOWN-xwiki.jar:/home/student/.m2/repository/org/apache/portals/graffito-jcr-mapping/1.0-a1-amelentev-dev/graffito-jcr-mapping-1.0-a1-amelentev-dev.jar:/home/student/.m2/repository/javax/transaction/jta/1.0.1B/jta-1.0.1B.jar:/home/student/.m2/repository/flickrj/flickrapi/1.0a7/flickrapi-1.0a7.jar:/home/student/.m2/repository/com/novell/ldap/jldap/4.3/jldap-4.3.jar:/home/student/.m2/repository/jfree/jfreechart/1.0.13/jfreechart-1.0.13.jar:/home/student/.m2/repository/jfree/jcommon/1.0.15/jcommon-1.0.15.jar:/home/student/.m2/repository/javax/jcr/jcr/1.0/jcr-1.0.jar:/home/student/.m2/repository/info/informatica/css4j/0.4.0/css4j-0.4.0.jar:/home/student/.m2/repository/info/informatica/jclf/2.3.0/jclf-2.3.0.jar:/home/student/.m2/repository/jtidy/jtidy/8.0-20060801.131059-3-dev/jtidy-8.0-20060801.131059-3-dev.jar:/home/student/.m2/repository/org/codehaus/swizzle/swizzle-confluence/1.2-20080419/swizzle-confluence-1.2-20080419-xwiki.jar:/home/student/.m2/repository/commons-logging/commons-logging/1.1.1/commons-logging-1.1.1.jar:/home/student/.m2/repository/commons-lang/commons-lang/2.5/commons-lang-2.5.jar:/home/student/.m2/repository/commons-collections/commons-collections/3.2.1/commons-collections-3.2.1.jar:/home/student/.m2/repository/commons-net/commons-net/2.0/commons-net-2.0.jar:/home/student/.m2/repository/commons-httpclient/commons-httpclient/3.1/commons-httpclient-3.1.jar:/home/student/.m2/repository/commons-dbcp/commons-dbcp/1.3/commons-dbcp-1.3.jar:/home/student/.m2/repository/commons-pool/commons-pool/1.5.4/commons-pool-1.5.4.jar:/home/student/.m2/repository/commons-fileupload/commons-fileupload/1.2.1/commons-fileupload-1.2.1.jar:/home/student/.m2/repository/commons-codec/commons-codec/1.4/commons-codec-1.4.jar:/home/student/.m2/repository/commons-beanutils/commons-beanutils/1.8.3/commons-beanutils-1.8.3.jar:/home/student/.m2/repository/org/apache/tika/tika-core/0.7/tika-core-0.7.jar:/home/student/.m2/repository/log4j/log4j/1.2.16/log4j-1.2.16.jar:/home/student/.m2/repository/xerces/xercesImpl/2.8.1/xercesImpl-2.8.1.jar:/home/student/.m2/repository/portlet-api/portlet-api/1.0/portlet-api-1.0.jar:/home/student/.m2/repository/struts/struts/1.2.9/struts-1.2.9.jar:/home/student/.m2/repository/commons-digester/commons-digester/1.6/commons-digester-1.6.jar:/home/student/.m2/repository/commons-validator/commons-validator/1.1.4/commons-validator-1.1.4.jar:/home/student/.m2/repository/radeox/radeox/1.0-b2/radeox-1.0-b2.jar:/home/student/.m2/repository/org/hibernate/hibernate/3.2.6.ga/hibernate-3.2.6.ga.jar:/home/student/.m2/repository/net/sf/ehcache/ehcache/1.2.3/ehcache-1.2.3.jar:/home/student/.m2/repository/asm/asm-attrs/1.5.3/asm-attrs-1.5.3.jar:/home/student/.m2/repository/antlr/antlr/2.7.6/antlr-2.7.6.jar:/home/student/.m2/repository/cglib/cglib/2.1_3/cglib-2.1_3.jar:/home/student/.m2/repository/asm/asm/1.5.3/asm-1.5.3.jar:/home/student/.m2/repository/securityfilter/securityfilter/2.0/securityfilter-2.0.jar:/home/student/.m2/repository/dom4j/dom4j/1.6.1/dom4j-1.6.1.jar:/home/student/.m2/repository/xml-apis/xml-apis/1.3.04/xml-apis-1.3.04.jar:/home/student/.m2/repository/xml-apis/xmlParserAPIs/2.0.2/xmlParserAPIs-2.0.2.jar:/home/student/.m2/repository/xpp3/xpp3/1.1.3.4-RC8/xpp3-1.1.3.4-RC8.jar:/home/student/.m2/repository/ecs/ecs/1.4.2/ecs-1.4.2.jar:/home/student/.m2/repository/javax/xml/jaxrpc-api/1.1/jaxrpc-api-1.1.jar:/home/student/.m2/repository/net/sf/json-lib/json-lib/2.3/json-lib-2.3-jdk15.jar:/home/student/.m2/repository/net/sf/ezmorph/ezmorph/1.0.6/ezmorph-1.0.6.jar:/home/student/.m2/repository/org/apache/xmlrpc/xmlrpc-common/3.1/xmlrpc-common-3.1.jar:/home/student/.m2/repository/org/apache/ws/commons/util/ws-commons-util/1.0.2/ws-commons-util-1.0.2.jar:/home/student/.m2/repository/org/apache/xmlrpc/xmlrpc-server/3.1/xmlrpc-server-3.1.jar:/home/student/.m2/repository/org/apache/xmlgraphics/fop/0.96-20090504-xwiki/fop-0.96-20090504-xwiki.jar:/home/student/.m2/repository/org/apache/xmlgraphics/xmlgraphics-commons/1.4-20090504-xwiki/xmlgraphics-commons-1.4-20090504-xwiki.jar:/home/student/.m2/repository/org/apache/xmlgraphics/batik-svg-dom/1.7/batik-svg-dom-1.7.jar:/home/student/.m2/repository/org/apache/xmlgraphics/batik-anim/1.7/batik-anim-1.7.jar:/home/student/.m2/repository/org/apache/xmlgraphics/batik-css/1.7/batik-css-1.7.jar:/home/student/.m2/repository/org/apache/xmlgraphics/batik-dom/1.7/batik-dom-1.7.jar:/home/student/.m2/repository/org/apache/xmlgraphics/batik-parser/1.7/batik-parser-1.7.jar:/home/student/.m2/repository/xml-apis/xml-apis-ext/1.3.04/xml-apis-ext-1.3.04.jar:/home/student/.m2/repository/org/apache/xmlgraphics/batik-bridge/1.7/batik-bridge-1.7.jar:/home/student/.m2/repository/org/apache/xmlgraphics/batik-script/1.7/batik-script-1.7.jar:/home/student/.m2/repository/org/apache/xmlgraphics/batik-js/1.7/batik-js-1.7.jar:/home/student/.m2/repository/org/apache/xmlgraphics/batik-xml/1.7/batik-xml-1.7.jar:/home/student/.m2/repository/org/apache/xmlgraphics/batik-awt-util/1.7/batik-awt-util-1.7.jar:/home/student/.m2/repository/org/apache/xmlgraphics/batik-gvt/1.7/batik-gvt-1.7.jar:/home/student/.m2/repository/org/apache/xmlgraphics/batik-transcoder/1.7/batik-transcoder-1.7.jar:/home/student/.m2/repository/org/apache/xmlgraphics/batik-svggen/1.7/batik-svggen-1.7.jar:/home/student/.m2/repository/org/apache/xmlgraphics/batik-extension/1.7/batik-extension-1.7.jar:/home/student/.m2/repository/org/apache/xmlgraphics/batik-ext/1.7/batik-ext-1.7.jar:/home/student/.m2/repository/org/apache/avalon/framework/avalon-framework-api/4.3.1/avalon-framework-api-4.3.1.jar:/home/student/.m2/repository/org/apache/avalon/framework/avalon-framework-impl/4.3.1/avalon-framework-impl-4.3.1.jar:/home/student/.m2/repository/batik/batik-rasterizer/1.6/batik-rasterizer-1.6.jar:/home/student/.m2/repository/org/apache/xmlgraphics/batik-codec/1.7/batik-codec-1.7.jar:/home/student/.m2/repository/org/apache/xmlgraphics/batik-util/1.7/batik-util-1.7.jar:/home/student/.m2/repository/com/yahoo/platform/yui/yuicompressor/2.2.5/yuicompressor-2.2.5.jar:/home/student/.m2/repository/joda-time/joda-time/1.6/joda-time-1.6.jar:/home/student/.m2/repository/rome/rome/1.0/rome-1.0.jar:/home/student/.m2/repository/rome/rome-fetcher/1.0/rome-fetcher-1.0.jar:/home/student/.m2/repository/commons-logging/commons-logging-api/1.0.4/commons-logging-api-1.0.4.jar:/home/student/.m2/repository/ical4j/ical4j/0.9.20/ical4j-0.9.20.jar:/home/student/.m2/repository/javax/mail/mail/1.4/mail-1.4.jar:/home/student/.m2/repository/javax/activation/activation/1.1/activation-1.1.jar:/home/student/.m2/repository/picocontainer/picocontainer/1.2/picocontainer-1.2.jar:/home/student/.m2/repository/org/apache/axis/axis/1.4/axis-1.4.jar:/home/student/.m2/repository/oro/oro/2.0.8/oro-2.0.8.jar:/home/student/.m2/repository/org/codehaus/groovy/groovy-all/1.7.3/groovy-all-1.7.3.jar:/home/student/.m2/repository/org/xwiki/platform/xwiki-core-configuration-default/2.4.4/xwiki-core-configuration-default-2.4.4.jar:/home/student/.m2/repository/org/xwiki/platform/xwiki-core-properties/2.4.4/xwiki-core-properties-2.4.4.jar:/home/student/.m2/repository/javax/validation/validation-api/1.0.0.GA/validation-api-1.0.0.GA.jar:/home/student/.m2/repository/commons-configuration/commons-configuration/1.6/commons-configuration-1.6.jar:/home/student/.m2/repository/org/xwiki/platform/xwiki-core-observation-local/2.4.4/xwiki-core-observation-local-2.4.4.jar:/home/student/.m2/repository/org/xwiki/platform/xwiki-core-component-api/2.4.4/xwiki-core-component-api-2.4.4.jar:/home/student/.m2/repository/org/xwiki/platform/xwiki-core-observation-remote/2.4.4/xwiki-core-observation-remote-2.4.4.jar:/home/student/.m2/repository/jgroups/jgroups/2.8.0.GA/jgroups-2.8.0.GA.jar:/home/student/.m2/repository/org/xwiki/platform/xwiki-core-velocity/2.4.4/xwiki-core-velocity-2.4.4.jar:/home/student/.m2/repository/org/xwiki/platform/xwiki-core-container-servlet/2.4.4/xwiki-core-container-servlet-2.4.4.jar:/home/student/.m2/repository/org/xwiki/platform/xwiki-core-action/2.4.4/xwiki-core-action-2.4.4.jar:/home/student/.m2/repository/org/xwiki/platform/xwiki-core-management/2.4.4/xwiki-core-management-2.4.4.jar:/home/student/.m2/repository/org/apache/velocity/velocity/1.6.2/velocity-1.6.2.jar:/home/student/.m2/repository/velocity-tools/velocity-tools/1.4/velocity-tools-1.4.jar:/home/student/.m2/repository/org/xwiki/platform/xwiki-core-script/2.4.4/xwiki-core-script-2.4.4.jar:/home/student/.m2/repository/org/livetribe/livetribe-jsr223/2.0.6/livetribe-jsr223-2.0.6.jar:/home/student/.m2/repository/org/xwiki/platform/xwiki-core-context/2.4.4/xwiki-core-context-2.4.4.jar:/home/student/.m2/repository/org/xwiki/platform/xwiki-core-container-portlet/2.4.4/xwiki-core-container-portlet-2.4.4.jar:/home/student/.m2/repository/org/xwiki/platform/xwiki-core-url-api/2.4.4/xwiki-core-url-api-2.4.4.jar:/home/student/.m2/repository/org/xwiki/platform/xwiki-core-xmlrpc-model/2.4.4/xwiki-core-xmlrpc-model-2.4.4.jar:/home/student/.m2/repository/org/apache/xmlrpc/xmlrpc-client/3.1/xmlrpc-client-3.1.jar:/home/student/.m2/repository/org/xwiki/platform/xwiki-core-bridge/2.4.4/xwiki-core-bridge-2.4.4.jar:/home/student/.m2/repository/org/xwiki/platform/xwiki-core-model/2.4.4/xwiki-core-model-2.4.4.jar:/home/student/.m2/repository/org/xwiki/platform/xwiki-core-rendering-api/2.4.4/xwiki-core-rendering-api-2.4.4.jar:/home/student/.m2/repository/org/xwiki/platform/xwiki-core-rendering-xwiki/2.4.4/xwiki-core-rendering-xwiki-2.4.4.jar:/home/student/.m2/repository/org/xwiki/platform/xwiki-core-chart-renderer/2.4.4/xwiki-core-chart-renderer-2.4.4.jar:/home/student/.m2/repository/org/xwiki/platform/xwiki-core-url-default/2.4.4/xwiki-core-url-default-2.4.4.jar:/home/student/.m2/repository/org/xwiki/platform/xwiki-core-rendering-macro-box/2.4.4/xwiki-core-rendering-macro-box-2.4.4.jar:/home/student/.m2/repository/org/xwiki/platform/xwiki-core-rendering-macro-chart/2.4.4/xwiki-core-rendering-macro-chart-2.4.4.jar:/home/student/.m2/repository/org/xwiki/platform/xwiki-core-rendering-macro-code/2.4.4/xwiki-core-rendering-macro-code-2.4.4.jar:/home/student/.m2/repository/org/python/jython-standalone/2.5.2b2-xwiki/jython-standalone-2.5.2b2-xwiki.jar:/home/student/.m2/repository/pygments/pygments/1.3.1-xwiki/pygments-1.3.1-xwiki.jar:/home/student/.m2/repository/org/xwiki/platform/xwiki-core-rendering-macro-footnotes/2.4.4/xwiki-core-rendering-macro-footnotes-2.4.4.jar:/home/student/.m2/repository/org/xwiki/platform/xwiki-core-rendering-macro-formula/2.4.4/xwiki-core-rendering-macro-formula-2.4.4.jar:/home/student/.m2/repository/org/xwiki/platform/xwiki-core-rendering-macro-groovy/2.4.4/xwiki-core-rendering-macro-groovy-2.4.4.jar:/home/student/.m2/repository/org/xwiki/platform/xwiki-core-rendering-macro-script/2.4.4/xwiki-core-rendering-macro-script-2.4.4.jar:/home/student/.m2/repository/org/xwiki/platform/xwiki-core-classloader/2.4.4/xwiki-core-classloader-2.4.4.jar:/home/student/.m2/repository/edu/emory/mathcs/util/emory-util-classloader/2.1/emory-util-classloader-2.1.jar:/home/student/.m2/repository/edu/emory/mathcs/util/emory-util-io/2.1/emory-util-io-2.1.jar:/home/student/.m2/repository/edu/emory/mathcs/util/emory-util-security/2.1/emory-util-security-2.1.jar:/home/student/.m2/repository/org/xwiki/platform/xwiki-core-rendering-macro-python/2.4.4/xwiki-core-rendering-macro-python-2.4.4.jar:/home/student/.m2/repository/org/xwiki/platform/xwiki-core-rendering-macro-html/2.4.4/xwiki-core-rendering-macro-html-2.4.4.jar:/home/student/.m2/repository/org/xwiki/platform/xwiki-core-rendering-macro-id/2.4.4/xwiki-core-rendering-macro-id-2.4.4.jar:/home/student/.m2/repository/org/xwiki/platform/xwiki-core-rendering-macro-include/2.4.4/xwiki-core-rendering-macro-include-2.4.4.jar:/home/student/.m2/repository/org/xwiki/platform/xwiki-core-rendering-macro-message/2.4.4/xwiki-core-rendering-macro-message-2.4.4.jar:/home/student/.m2/repository/org/xwiki/platform/xwiki-core-rendering-macro-rss/2.4.4/xwiki-core-rendering-macro-rss-2.4.4.jar:/home/student/.m2/repository/org/jdom/jdom/1.1/jdom-1.1.jar:/home/student/.m2/repository/org/xwiki/platform/xwiki-core-rendering-macro-toc/2.4.4/xwiki-core-rendering-macro-toc-2.4.4.jar:/home/student/.m2/repository/org/xwiki/platform/xwiki-core-rendering-macro-useravatar/2.4.4/xwiki-core-rendering-macro-useravatar-2.4.4.jar:/home/student/.m2/repository/org/xwiki/platform/xwiki-core-rendering-macro-velocity/2.4.4/xwiki-core-rendering-macro-velocity-2.4.4.jar:/home/student/.m2/repository/org/xwiki/platform/xwiki-core-rendering-macro-wikibridge/2.4.4/xwiki-core-rendering-macro-wikibridge-2.4.4.jar:/home/student/.m2/repository/org/xwiki/platform/xwiki-core-rendering-syntax-doxia/2.4.4/xwiki-core-rendering-syntax-doxia-2.4.4.jar:/home/student/.m2/repository/org/apache/maven/doxia/doxia-module-twiki/1.1.3/doxia-module-twiki-1.1.3.jar:/home/student/.m2/repository/org/apache/maven/doxia/doxia-core/1.1.3/doxia-core-1.1.3.jar:/home/student/.m2/repository/org/apache/maven/doxia/doxia-logging-api/1.1.3/doxia-logging-api-1.1.3.jar:/home/student/.m2/repository/org/codehaus/plexus/plexus-utils/1.5.12/plexus-utils-1.5.12.jar:/home/student/.m2/repository/org/codehaus/plexus/plexus-container-default/1.0-alpha-30/plexus-container-default-1.0-alpha-30.jar:/home/student/.m2/repository/org/codehaus/plexus/plexus-classworlds/1.2-alpha-9/plexus-classworlds-1.2-alpha-9.jar:/home/student/.m2/repository/org/apache/maven/doxia/doxia-sink-api/1.1.3/doxia-sink-api-1.1.3.jar:/home/student/.m2/repository/org/xwiki/platform/xwiki-core-rendering-syntax-wikimodel/2.4.4/xwiki-core-rendering-syntax-wikimodel-2.4.4.jar:/home/student/.m2/repository/org/wikimodel/org.wikimodel.wem/2.0.7-20101021/org.wikimodel.wem-2.0.7-20101021.jar:/home/student/.m2/repository/net/java/dev/javacc/javacc/5.0/javacc-5.0.jar:/home/student/.m2/repository/net/sourceforge/cssparser/cssparser/0.9.5/cssparser-0.9.5.jar:/home/student/.m2/repository/org/w3c/css/sac/1.3/sac-1.3.jar:/home/student/.m2/repository/org/xwiki/platform/xwiki-core-rendering-syntax-xwiki10/2.4.4/xwiki-core-rendering-syntax-xwiki10-2.4.4.jar:/home/student/.m2/repository/org/xwiki/platform/xwiki-core-formula-renderer/2.4.4/xwiki-core-formula-renderer-2.4.4.jar:/home/student/.m2/repository/uk/ac/ed/ph/snuggletex/snuggletex-core/1.1.0/snuggletex-core-1.1.0.jar:/home/student/.m2/repository/uk/ac/ed/ph/snuggletex/snuggletex-jeuclid/1.1.0/snuggletex-jeuclid-1.1.0.jar:/home/student/.m2/repository/net/sourceforge/jeuclid/jeuclid-core/3.1.5/jeuclid-core-3.1.5.jar:/home/student/.m2/repository/org/xwiki/platform/xwiki-core-cache-api/2.4.4/xwiki-core-cache-api-2.4.4.jar:/home/student/.m2/repository/org/xwiki/platform/xwiki-core-cache-jbosscache/2.4.4/xwiki-core-cache-jbosscache-2.4.4.jar:/home/student/.m2/repository/org/jboss/cache/jbosscache-core/3.2.5.GA/jbosscache-core-3.2.5.GA.jar:/home/student/.m2/repository/org/jboss/javaee/jboss-transaction-api/1.0.1.GA/jboss-transaction-api-1.0.1.GA.jar:/home/student/.m2/repository/org/jboss/jboss-common-core/2.2.14.GA/jboss-common-core-2.2.14.GA.jar:/home/student/.m2/repository/org/jboss/logging/jboss-logging-spi/2.0.5.GA/jboss-logging-spi-2.0.5.GA.jar:/home/student/.m2/repository/org/xwiki/platform/xwiki-core-cache-oscache/2.4.4/xwiki-core-cache-oscache-2.4.4.jar:/home/student/.m2/repository/opensymphony/oscache/2.4/oscache-2.4.jar:/home/student/.m2/repository/javax/servlet/servlet-api/2.4/servlet-api-2.4.jar:/home/student/.m2/repository/org/xwiki/platform/xwiki-core-xml/2.4.4/xwiki-core-xml-2.4.4.jar:/home/student/.m2/repository/net/sourceforge/htmlcleaner/htmlcleaner/2.1/htmlcleaner-2.1.jar:/home/student/.m2/repository/org/xwiki/platform/xwiki-core-query-manager/2.4.4/xwiki-core-query-manager-2.4.4.jar:/home/student/.m2/repository/org/xwiki/platform/xwiki-core-officeimporter/2.4.4/xwiki-core-officeimporter-2.4.4.jar:/home/student/.m2/repository/org/xwiki/platform/xwiki-core-refactoring/2.4.4/xwiki-core-refactoring-2.4.4.jar:/home/student/.m2/repository/org/artofsolving/jodconverter/jodconverter-core/3.0-beta-3/jodconverter-core-3.0-beta-3.jar:/home/student/.m2/repository/org/openoffice/juh/3.1.0/juh-3.1.0.jar:/home/student/.m2/repository/org/openoffice/jurt/3.1.0/jurt-3.1.0.jar:/home/student/.m2/repository/org/openoffice/ridl/3.1.0/ridl-3.1.0.jar:/home/student/.m2/repository/org/openoffice/unoil/3.1.0/unoil-3.1.0.jar:/home/student/.m2/repository/org/xwiki/platform/xwiki-core-component-multi/2.4.4/xwiki-core-component-multi-2.4.4.jar:/home/student/.m2/repository/org/xwiki/platform/xwiki-core-query-xwql/2.4.4/xwiki-core-query-xwql-2.4.4.jar:/home/student/.m2/repository/org/xwiki/platform/xwiki-core-query-jpql-parser/2.4.4/xwiki-core-query-jpql-parser-2.4.4.jar:/home/student/.m2/repository/aspectj/aspectjrt/1.5.2a/aspectjrt-1.5.2a.jar:/home/student/.m2/repository/javax/servlet/javax.servlet-api/3.0.1/javax.servlet-api-3.0.1.jar:/home/student/.m2/repository/org/opensaml/opensaml/2.5.1-1/opensaml-2.5.1-1.jar:/home/student/.m2/repository/org/opensaml/openws/1.4.2-1/openws-1.4.2-1.jar:/home/student/.m2/repository/org/opensaml/xmltooling/1.3.2-1/xmltooling-1.3.2-1.jar:/home/student/.m2/repository/org/slf4j/jcl-over-slf4j/1.6.1/jcl-over-slf4j-1.6.1.jar:/home/student/.m2/repository/org/slf4j/log4j-over-slf4j/1.6.1/log4j-over-slf4j-1.6.1.jar:/home/student/.m2/repository/org/slf4j/jul-to-slf4j/1.6.1/jul-to-slf4j-1.6.1.jar:/home/student/.m2/repository/org/bouncycastle/bcprov-jdk15/1.45/bcprov-jdk15-1.45.jar:/home/student/.m2/repository/org/apache/santuario/xmlsec/1.4.4/xmlsec-1.4.4.jar:/home/student/.m2/repository/ca/juliusdavies/not-yet-commons-ssl/0.3.9/not-yet-commons-ssl-0.3.9.jar:/home/student/.m2/repository/net/jcip/jcip-annotations/1.0/jcip-annotations-1.0.jar:/home/student/.m2/repository/velocity/velocity/1.5/velocity-1.5.jar:/home/student/.m2/repository/org/owasp/esapi/esapi/2.0GA/esapi-2.0GA.jar:/home/student/.m2/repository/xml-resolver/xml-resolver/1.2/xml-resolver-1.2.jar:/home/student/.m2/repository/xalan/xalan/2.7.1/xalan-2.7.1.jar:/home/student/.m2/repository/xalan/serializer/2.7.1/serializer-2.7.1.jar:/home/student/.m2/repository/junit/junit/4.12/junit-4.12.jar:/home/student/.m2/repository/org/hamcrest/hamcrest-core/1.3/hamcrest-core-1.3.jar:/home/student/.m2/repository/org/slf4j/slf4j-log4j12/1.7.5/slf4j-log4j12-1.7.5.jar:/home/student/.m2/repository/org/slf4j/slf4j-api/1.7.5/slf4j-api-1.7.5.jar:/home/student/.m2/repository/commons-io/commons-io/1.3.2/commons-io-1.3.2.jar:/home/student/.m2/repository/org/easymock/easymock/3.1/easymock-3.1.jar:/home/student/.m2/repository/cglib/cglib-nodep/2.2.2/cglib-nodep-2.2.2.jar:/home/student/.m2/repository/org/objenesis/objenesis/1.2/objenesis-1.2.jar:/home/student/.m2/repository/org/xwiki/platform/xwiki-core-shared-tests/2.4.4/xwiki-core-shared-tests-2.4.4.jar:/home/student/.m2/repository/org/jmock/jmock/2.5.1/jmock-2.5.1.jar:/home/student/.m2/repository/org/hamcrest/hamcrest-library/1.1/hamcrest-library-1.1.jar:/home/student/.m2/repository/org/jmock/jmock-junit4/2.5.1/jmock-junit4-2.5.1.jar:/home/student/.m2/repository/junit/junit-dep/4.4/junit-dep-4.4.jar:/home/student/.m2/repository/jmock/jmock/1.2.0/jmock-1.2.0.jar:/home/student/.m2/repository/jmock/jmock-cglib/1.2.0/jmock-cglib-1.2.0.jar:/home/student/.m2/repository/org/xwiki/platform/xwiki-core-component-default/2.4.4/xwiki-core-component-default-2.4.4.jar:/home/student/.m2/repository/org/xwiki/platform/xwiki-core-container-api/2.4.4/xwiki-core-container-api-2.4.4.jar:/home/student/.m2/repository/org/xwiki/platform/xwiki-core-configuration-api/2.4.4/xwiki-core-configuration-api-2.4.4.jar:/home/student/.m2/repository/org/apache/ant/ant/1.7.0/ant-1.7.0.jar:/home/student/.m2/repository/org/apache/ant/ant-launcher/1.7.0/ant-launcher-1.7.0.jar:/home/student/.m2/repository/com/xpn/xwiki/platform/xwiki-core/2.4.4/xwiki-core-2.4.4-tests.jar:/home/student/.m2/repository/org/mockito/mockito-all/1.7/mockito-all-1.7.jar:"/>
    <property name="java.specification.name" value="Java Platform API Specification"/>
    <property name="java.class.version" value="52.0"/>
    <property name="sun.management.compiler" value="HotSpot 64-Bit Tiered Compilers"/>
    <property name="os.version" value="4.4.0-45-generic"/>
    <property name="user.home" value="/home/student"/>
    <property name="user.timezone" value="Europe/Riga"/>
    <property name="java.awt.printerjob" value="sun.print.PSPrinterJob"/>
    <property name="file.encoding" value="UTF-8"/>
    <property name="java.specification.version" value="1.8"/>
    <property name="user.name" value="student"/>
    <property name="java.class.path" value="/home/student/workspace/xwiki-authentication-sts/target/test-classes:/home/student/workspace/xwiki-authentication-sts/target/classes:/home/student/.m2/repository/com/xpn/xwiki/platform/xwiki-core/2.4.4/xwiki-core-2.4.4.jar:/home/student/.m2/repository/exo-platform/exo-platform.container/2.0/exo-platform.container-2.0.jar:/home/student/.m2/repository/exo-platform/exo-platform.commons/2.0/exo-platform.commons-2.0.jar:/home/student/.m2/repository/exo-platform/exo-platform.service.organization.api/2.0/exo-platform.service.organization.api-2.0.jar:/home/student/.m2/repository/exo-platform/exo-platform.service.security.api/2.0/exo-platform.service.security.api-2.0.jar:/home/student/.m2/repository/exo-platform/exo-platform.service.database.api/2.0/exo-platform.service.database.api-2.0.jar:/home/student/.m2/repository/org/suigeneris/jrcs.diff/0.4.2/jrcs.diff-0.4.2.jar:/home/student/.m2/repository/org/suigeneris/jrcs.rcs/0.4.2/jrcs.rcs-0.4.2.jar:/home/student/.m2/repository/org/apache/jackrabbit/jackrabbit-core/1.1-xwiki/jackrabbit-core-1.1-xwiki.jar:/home/student/.m2/repository/com/google/googleapi/UNKNOWN/googleapi-UNKNOWN-xwiki.jar:/home/student/.m2/repository/org/apache/portals/graffito-jcr-mapping/1.0-a1-amelentev-dev/graffito-jcr-mapping-1.0-a1-amelentev-dev.jar:/home/student/.m2/repository/javax/transaction/jta/1.0.1B/jta-1.0.1B.jar:/home/student/.m2/repository/flickrj/flickrapi/1.0a7/flickrapi-1.0a7.jar:/home/student/.m2/repository/com/novell/ldap/jldap/4.3/jldap-4.3.jar:/home/student/.m2/repository/jfree/jfreechart/1.0.13/jfreechart-1.0.13.jar:/home/student/.m2/repository/jfree/jcommon/1.0.15/jcommon-1.0.15.jar:/home/student/.m2/repository/javax/jcr/jcr/1.0/jcr-1.0.jar:/home/student/.m2/repository/info/informatica/css4j/0.4.0/css4j-0.4.0.jar:/home/student/.m2/repository/info/informatica/jclf/2.3.0/jclf-2.3.0.jar:/home/student/.m2/repository/jtidy/jtidy/8.0-20060801.131059-3-dev/jtidy-8.0-20060801.131059-3-dev.jar:/home/student/.m2/repository/org/codehaus/swizzle/swizzle-confluence/1.2-20080419/swizzle-confluence-1.2-20080419-xwiki.jar:/home/student/.m2/repository/commons-logging/commons-logging/1.1.1/commons-logging-1.1.1.jar:/home/student/.m2/repository/commons-lang/commons-lang/2.5/commons-lang-2.5.jar:/home/student/.m2/repository/commons-collections/commons-collections/3.2.1/commons-collections-3.2.1.jar:/home/student/.m2/repository/commons-net/commons-net/2.0/commons-net-2.0.jar:/home/student/.m2/repository/commons-httpclient/commons-httpclient/3.1/commons-httpclient-3.1.jar:/home/student/.m2/repository/commons-dbcp/commons-dbcp/1.3/commons-dbcp-1.3.jar:/home/student/.m2/repository/commons-pool/commons-pool/1.5.4/commons-pool-1.5.4.jar:/home/student/.m2/repository/commons-fileupload/commons-fileupload/1.2.1/commons-fileupload-1.2.1.jar:/home/student/.m2/repository/commons-codec/commons-codec/1.4/commons-codec-1.4.jar:/home/student/.m2/repository/commons-beanutils/commons-beanutils/1.8.3/commons-beanutils-1.8.3.jar:/home/student/.m2/repository/org/apache/tika/tika-core/0.7/tika-core-0.7.jar:/home/student/.m2/repository/log4j/log4j/1.2.16/log4j-1.2.16.jar:/home/student/.m2/repository/xerces/xercesImpl/2.8.1/xercesImpl-2.8.1.jar:/home/student/.m2/repository/portlet-api/portlet-api/1.0/portlet-api-1.0.jar:/home/student/.m2/repository/struts/struts/1.2.9/struts-1.2.9.jar:/home/student/.m2/repository/commons-digester/commons-digester/1.6/commons-digester-1.6.jar:/home/student/.m2/repository/commons-validator/commons-validator/1.1.4/commons-validator-1.1.4.jar:/home/student/.m2/repository/radeox/radeox/1.0-b2/radeox-1.0-b2.jar:/home/student/.m2/repository/org/hibernate/hibernate/3.2.6.ga/hibernate-3.2.6.ga.jar:/home/student/.m2/repository/net/sf/ehcache/ehcache/1.2.3/ehcache-1.2.3.jar:/home/student/.m2/repository/asm/asm-attrs/1.5.3/asm-attrs-1.5.3.jar:/home/student/.m2/repository/antlr/antlr/2.7.6/antlr-2.7.6.jar:/home/student/.m2/repository/cglib/cglib/2.1_3/cglib-2.1_3.jar:/home/student/.m2/repository/asm/asm/1.5.3/asm-1.5.3.jar:/home/student/.m2/repository/securityfilter/securityfilter/2.0/securityfilter-2.0.jar:/home/student/.m2/repository/dom4j/dom4j/1.6.1/dom4j-1.6.1.jar:/home/student/.m2/repository/xml-apis/xml-apis/1.3.04/xml-apis-1.3.04.jar:/home/student/.m2/repository/xml-apis/xmlParserAPIs/2.0.2/xmlParserAPIs-2.0.2.jar:/home/student/.m2/repository/xpp3/xpp3/1.1.3.4-RC8/xpp3-1.1.3.4-RC8.jar:/home/student/.m2/repository/ecs/ecs/1.4.2/ecs-1.4.2.jar:/home/student/.m2/repository/javax/xml/jaxrpc-api/1.1/jaxrpc-api-1.1.jar:/home/student/.m2/repository/net/sf/json-lib/json-lib/2.3/json-lib-2.3-jdk15.jar:/home/student/.m2/repository/net/sf/ezmorph/ezmorph/1.0.6/ezmorph-1.0.6.jar:/home/student/.m2/repository/org/apache/xmlrpc/xmlrpc-common/3.1/xmlrpc-common-3.1.jar:/home/student/.m2/repository/org/apache/ws/commons/util/ws-commons-util/1.0.2/ws-commons-util-1.0.2.jar:/home/student/.m2/repository/org/apache/xmlrpc/xmlrpc-server/3.1/xmlrpc-server-3.1.jar:/home/student/.m2/repository/org/apache/xmlgraphics/fop/0.96-20090504-xwiki/fop-0.96-20090504-xwiki.jar:/home/student/.m2/repository/org/apache/xmlgraphics/xmlgraphics-commons/1.4-20090504-xwiki/xmlgraphics-commons-1.4-20090504-xwiki.jar:/home/student/.m2/repository/org/apache/xmlgraphics/batik-svg-dom/1.7/batik-svg-dom-1.7.jar:/home/student/.m2/repository/org/apache/xmlgraphics/batik-anim/1.7/batik-anim-1.7.jar:/home/student/.m2/repository/org/apache/xmlgraphics/batik-css/1.7/batik-css-1.7.jar:/home/student/.m2/repository/org/apache/xmlgraphics/batik-dom/1.7/batik-dom-1.7.jar:/home/student/.m2/repository/org/apache/xmlgraphics/batik-parser/1.7/batik-parser-1.7.jar:/home/student/.m2/repository/xml-apis/xml-apis-ext/1.3.04/xml-apis-ext-1.3.04.jar:/home/student/.m2/repository/org/apache/xmlgraphics/batik-bridge/1.7/batik-bridge-1.7.jar:/home/student/.m2/repository/org/apache/xmlgraphics/batik-script/1.7/batik-script-1.7.jar:/home/student/.m2/repository/org/apache/xmlgraphics/batik-js/1.7/batik-js-1.7.jar:/home/student/.m2/repository/org/apache/xmlgraphics/batik-xml/1.7/batik-xml-1.7.jar:/home/student/.m2/repository/org/apache/xmlgraphics/batik-awt-util/1.7/batik-awt-util-1.7.jar:/home/student/.m2/repository/org/apache/xmlgraphics/batik-gvt/1.7/batik-gvt-1.7.jar:/home/student/.m2/repository/org/apache/xmlgraphics/batik-transcoder/1.7/batik-transcoder-1.7.jar:/home/student/.m2/repository/org/apache/xmlgraphics/batik-svggen/1.7/batik-svggen-1.7.jar:/home/student/.m2/repository/org/apache/xmlgraphics/batik-extension/1.7/batik-extension-1.7.jar:/home/student/.m2/repository/org/apache/xmlgraphics/batik-ext/1.7/batik-ext-1.7.jar:/home/student/.m2/repository/org/apache/avalon/framework/avalon-framework-api/4.3.1/avalon-framework-api-4.3.1.jar:/home/student/.m2/repository/org/apache/avalon/framework/avalon-framework-impl/4.3.1/avalon-framework-impl-4.3.1.jar:/home/student/.m2/repository/batik/batik-rasterizer/1.6/batik-rasterizer-1.6.jar:/home/student/.m2/repository/org/apache/xmlgraphics/batik-codec/1.7/batik-codec-1.7.jar:/home/student/.m2/repository/org/apache/xmlgraphics/batik-util/1.7/batik-util-1.7.jar:/home/student/.m2/repository/com/yahoo/platform/yui/yuicompressor/2.2.5/yuicompressor-2.2.5.jar:/home/student/.m2/repository/joda-time/joda-time/1.6/joda-time-1.6.jar:/home/student/.m2/repository/rome/rome/1.0/rome-1.0.jar:/home/student/.m2/repository/rome/rome-fetcher/1.0/rome-fetcher-1.0.jar:/home/student/.m2/repository/commons-logging/commons-logging-api/1.0.4/commons-logging-api-1.0.4.jar:/home/student/.m2/repository/ical4j/ical4j/0.9.20/ical4j-0.9.20.jar:/home/student/.m2/repository/javax/mail/mail/1.4/mail-1.4.jar:/home/student/.m2/repository/javax/activation/activation/1.1/activation-1.1.jar:/home/student/.m2/repository/picocontainer/picocontainer/1.2/picocontainer-1.2.jar:/home/student/.m2/repository/org/apache/axis/axis/1.4/axis-1.4.jar:/home/student/.m2/repository/oro/oro/2.0.8/oro-2.0.8.jar:/home/student/.m2/repository/org/codehaus/groovy/groovy-all/1.7.3/groovy-all-1.7.3.jar:/home/student/.m2/repository/org/xwiki/platform/xwiki-core-configuration-default/2.4.4/xwiki-core-configuration-default-2.4.4.jar:/home/student/.m2/repository/org/xwiki/platform/xwiki-core-properties/2.4.4/xwiki-core-properties-2.4.4.jar:/home/student/.m2/repository/javax/validation/validation-api/1.0.0.GA/validation-api-1.0.0.GA.jar:/home/student/.m2/repository/commons-configuration/commons-configuration/1.6/commons-configuration-1.6.jar:/home/student/.m2/repository/org/xwiki/platform/xwiki-core-observation-local/2.4.4/xwiki-core-observation-local-2.4.4.jar:/home/student/.m2/repository/org/xwiki/platform/xwiki-core-component-api/2.4.4/xwiki-core-component-api-2.4.4.jar:/home/student/.m2/repository/org/xwiki/platform/xwiki-core-observation-remote/2.4.4/xwiki-core-observation-remote-2.4.4.jar:/home/student/.m2/repository/jgroups/jgroups/2.8.0.GA/jgroups-2.8.0.GA.jar:/home/student/.m2/repository/org/xwiki/platform/xwiki-core-velocity/2.4.4/xwiki-core-velocity-2.4.4.jar:/home/student/.m2/repository/org/xwiki/platform/xwiki-core-container-servlet/2.4.4/xwiki-core-container-servlet-2.4.4.jar:/home/student/.m2/repository/org/xwiki/platform/xwiki-core-action/2.4.4/xwiki-core-action-2.4.4.jar:/home/student/.m2/repository/org/xwiki/platform/xwiki-core-management/2.4.4/xwiki-core-management-2.4.4.jar:/home/student/.m2/repository/org/apache/velocity/velocity/1.6.2/velocity-1.6.2.jar:/home/student/.m2/repository/velocity-tools/velocity-tools/1.4/velocity-tools-1.4.jar:/home/student/.m2/repository/org/xwiki/platform/xwiki-core-script/2.4.4/xwiki-core-script-2.4.4.jar:/home/student/.m2/repository/org/livetribe/livetribe-jsr223/2.0.6/livetribe-jsr223-2.0.6.jar:/home/student/.m2/repository/org/xwiki/platform/xwiki-core-context/2.4.4/xwiki-core-context-2.4.4.jar:/home/student/.m2/repository/org/xwiki/platform/xwiki-core-container-portlet/2.4.4/xwiki-core-container-portlet-2.4.4.jar:/home/student/.m2/repository/org/xwiki/platform/xwiki-core-url-api/2.4.4/xwiki-core-url-api-2.4.4.jar:/home/student/.m2/repository/org/xwiki/platform/xwiki-core-xmlrpc-model/2.4.4/xwiki-core-xmlrpc-model-2.4.4.jar:/home/student/.m2/repository/org/apache/xmlrpc/xmlrpc-client/3.1/xmlrpc-client-3.1.jar:/home/student/.m2/repository/org/xwiki/platform/xwiki-core-bridge/2.4.4/xwiki-core-bridge-2.4.4.jar:/home/student/.m2/repository/org/xwiki/platform/xwiki-core-model/2.4.4/xwiki-core-model-2.4.4.jar:/home/student/.m2/repository/org/xwiki/platform/xwiki-core-rendering-api/2.4.4/xwiki-core-rendering-api-2.4.4.jar:/home/student/.m2/repository/org/xwiki/platform/xwiki-core-rendering-xwiki/2.4.4/xwiki-core-rendering-xwiki-2.4.4.jar:/home/student/.m2/repository/org/xwiki/platform/xwiki-core-chart-renderer/2.4.4/xwiki-core-chart-renderer-2.4.4.jar:/home/student/.m2/repository/org/xwiki/platform/xwiki-core-url-default/2.4.4/xwiki-core-url-default-2.4.4.jar:/home/student/.m2/repository/org/xwiki/platform/xwiki-core-rendering-macro-box/2.4.4/xwiki-core-rendering-macro-box-2.4.4.jar:/home/student/.m2/repository/org/xwiki/platform/xwiki-core-rendering-macro-chart/2.4.4/xwiki-core-rendering-macro-chart-2.4.4.jar:/home/student/.m2/repository/org/xwiki/platform/xwiki-core-rendering-macro-code/2.4.4/xwiki-core-rendering-macro-code-2.4.4.jar:/home/student/.m2/repository/org/python/jython-standalone/2.5.2b2-xwiki/jython-standalone-2.5.2b2-xwiki.jar:/home/student/.m2/repository/pygments/pygments/1.3.1-xwiki/pygments-1.3.1-xwiki.jar:/home/student/.m2/repository/org/xwiki/platform/xwiki-core-rendering-macro-footnotes/2.4.4/xwiki-core-rendering-macro-footnotes-2.4.4.jar:/home/student/.m2/repository/org/xwiki/platform/xwiki-core-rendering-macro-formula/2.4.4/xwiki-core-rendering-macro-formula-2.4.4.jar:/home/student/.m2/repository/org/xwiki/platform/xwiki-core-rendering-macro-groovy/2.4.4/xwiki-core-rendering-macro-groovy-2.4.4.jar:/home/student/.m2/repository/org/xwiki/platform/xwiki-core-rendering-macro-script/2.4.4/xwiki-core-rendering-macro-script-2.4.4.jar:/home/student/.m2/repository/org/xwiki/platform/xwiki-core-classloader/2.4.4/xwiki-core-classloader-2.4.4.jar:/home/student/.m2/repository/edu/emory/mathcs/util/emory-util-classloader/2.1/emory-util-classloader-2.1.jar:/home/student/.m2/repository/edu/emory/mathcs/util/emory-util-io/2.1/emory-util-io-2.1.jar:/home/student/.m2/repository/edu/emory/mathcs/util/emory-util-security/2.1/emory-util-security-2.1.jar:/home/student/.m2/repository/org/xwiki/platform/xwiki-core-rendering-macro-python/2.4.4/xwiki-core-rendering-macro-python-2.4.4.jar:/home/student/.m2/repository/org/xwiki/platform/xwiki-core-rendering-macro-html/2.4.4/xwiki-core-rendering-macro-html-2.4.4.jar:/home/student/.m2/repository/org/xwiki/platform/xwiki-core-rendering-macro-id/2.4.4/xwiki-core-rendering-macro-id-2.4.4.jar:/home/student/.m2/repository/org/xwiki/platform/xwiki-core-rendering-macro-include/2.4.4/xwiki-core-rendering-macro-include-2.4.4.jar:/home/student/.m2/repository/org/xwiki/platform/xwiki-core-rendering-macro-message/2.4.4/xwiki-core-rendering-macro-message-2.4.4.jar:/home/student/.m2/repository/org/xwiki/platform/xwiki-core-rendering-macro-rss/2.4.4/xwiki-core-rendering-macro-rss-2.4.4.jar:/home/student/.m2/repository/org/jdom/jdom/1.1/jdom-1.1.jar:/home/student/.m2/repository/org/xwiki/platform/xwiki-core-rendering-macro-toc/2.4.4/xwiki-core-rendering-macro-toc-2.4.4.jar:/home/student/.m2/repository/org/xwiki/platform/xwiki-core-rendering-macro-useravatar/2.4.4/xwiki-core-rendering-macro-useravatar-2.4.4.jar:/home/student/.m2/repository/org/xwiki/platform/xwiki-core-rendering-macro-velocity/2.4.4/xwiki-core-rendering-macro-velocity-2.4.4.jar:/home/student/.m2/repository/org/xwiki/platform/xwiki-core-rendering-macro-wikibridge/2.4.4/xwiki-core-rendering-macro-wikibridge-2.4.4.jar:/home/student/.m2/repository/org/xwiki/platform/xwiki-core-rendering-syntax-doxia/2.4.4/xwiki-core-rendering-syntax-doxia-2.4.4.jar:/home/student/.m2/repository/org/apache/maven/doxia/doxia-module-twiki/1.1.3/doxia-module-twiki-1.1.3.jar:/home/student/.m2/repository/org/apache/maven/doxia/doxia-core/1.1.3/doxia-core-1.1.3.jar:/home/student/.m2/repository/org/apache/maven/doxia/doxia-logging-api/1.1.3/doxia-logging-api-1.1.3.jar:/home/student/.m2/repository/org/codehaus/plexus/plexus-utils/1.5.12/plexus-utils-1.5.12.jar:/home/student/.m2/repository/org/codehaus/plexus/plexus-container-default/1.0-alpha-30/plexus-container-default-1.0-alpha-30.jar:/home/student/.m2/repository/org/codehaus/plexus/plexus-classworlds/1.2-alpha-9/plexus-classworlds-1.2-alpha-9.jar:/home/student/.m2/repository/org/apache/maven/doxia/doxia-sink-api/1.1.3/doxia-sink-api-1.1.3.jar:/home/student/.m2/repository/org/xwiki/platform/xwiki-core-rendering-syntax-wikimodel/2.4.4/xwiki-core-rendering-syntax-wikimodel-2.4.4.jar:/home/student/.m2/repository/org/wikimodel/org.wikimodel.wem/2.0.7-20101021/org.wikimodel.wem-2.0.7-20101021.jar:/home/student/.m2/repository/net/java/dev/javacc/javacc/5.0/javacc-5.0.jar:/home/student/.m2/repository/net/sourceforge/cssparser/cssparser/0.9.5/cssparser-0.9.5.jar:/home/student/.m2/repository/org/w3c/css/sac/1.3/sac-1.3.jar:/home/student/.m2/repository/org/xwiki/platform/xwiki-core-rendering-syntax-xwiki10/2.4.4/xwiki-core-rendering-syntax-xwiki10-2.4.4.jar:/home/student/.m2/repository/org/xwiki/platform/xwiki-core-formula-renderer/2.4.4/xwiki-core-formula-renderer-2.4.4.jar:/home/student/.m2/repository/uk/ac/ed/ph/snuggletex/snuggletex-core/1.1.0/snuggletex-core-1.1.0.jar:/home/student/.m2/repository/uk/ac/ed/ph/snuggletex/snuggletex-jeuclid/1.1.0/snuggletex-jeuclid-1.1.0.jar:/home/student/.m2/repository/net/sourceforge/jeuclid/jeuclid-core/3.1.5/jeuclid-core-3.1.5.jar:/home/student/.m2/repository/org/xwiki/platform/xwiki-core-cache-api/2.4.4/xwiki-core-cache-api-2.4.4.jar:/home/student/.m2/repository/org/xwiki/platform/xwiki-core-cache-jbosscache/2.4.4/xwiki-core-cache-jbosscache-2.4.4.jar:/home/student/.m2/repository/org/jboss/cache/jbosscache-core/3.2.5.GA/jbosscache-core-3.2.5.GA.jar:/home/student/.m2/repository/org/jboss/javaee/jboss-transaction-api/1.0.1.GA/jboss-transaction-api-1.0.1.GA.jar:/home/student/.m2/repository/org/jboss/jboss-common-core/2.2.14.GA/jboss-common-core-2.2.14.GA.jar:/home/student/.m2/repository/org/jboss/logging/jboss-logging-spi/2.0.5.GA/jboss-logging-spi-2.0.5.GA.jar:/home/student/.m2/repository/org/xwiki/platform/xwiki-core-cache-oscache/2.4.4/xwiki-core-cache-oscache-2.4.4.jar:/home/student/.m2/repository/opensymphony/oscache/2.4/oscache-2.4.jar:/home/student/.m2/repository/javax/servlet/servlet-api/2.4/servlet-api-2.4.jar:/home/student/.m2/repository/org/xwiki/platform/xwiki-core-xml/2.4.4/xwiki-core-xml-2.4.4.jar:/home/student/.m2/repository/net/sourceforge/htmlcleaner/htmlcleaner/2.1/htmlcleaner-2.1.jar:/home/student/.m2/repository/org/xwiki/platform/xwiki-core-query-manager/2.4.4/xwiki-core-query-manager-2.4.4.jar:/home/student/.m2/repository/org/xwiki/platform/xwiki-core-officeimporter/2.4.4/xwiki-core-officeimporter-2.4.4.jar:/home/student/.m2/repository/org/xwiki/platform/xwiki-core-refactoring/2.4.4/xwiki-core-refactoring-2.4.4.jar:/home/student/.m2/repository/org/artofsolving/jodconverter/jodconverter-core/3.0-beta-3/jodconverter-core-3.0-beta-3.jar:/home/student/.m2/repository/org/openoffice/juh/3.1.0/juh-3.1.0.jar:/home/student/.m2/repository/org/openoffice/jurt/3.1.0/jurt-3.1.0.jar:/home/student/.m2/repository/org/openoffice/ridl/3.1.0/ridl-3.1.0.jar:/home/student/.m2/repository/org/openoffice/unoil/3.1.0/unoil-3.1.0.jar:/home/student/.m2/repository/org/xwiki/platform/xwiki-core-component-multi/2.4.4/xwiki-core-component-multi-2.4.4.jar:/home/student/.m2/repository/org/xwiki/platform/xwiki-core-query-xwql/2.4.4/xwiki-core-query-xwql-2.4.4.jar:/home/student/.m2/repository/org/xwiki/platform/xwiki-core-query-jpql-parser/2.4.4/xwiki-core-query-jpql-parser-2.4.4.jar:/home/student/.m2/repository/aspectj/aspectjrt/1.5.2a/aspectjrt-1.5.2a.jar:/home/student/.m2/repository/javax/servlet/javax.servlet-api/3.0.1/javax.servlet-api-3.0.1.jar:/home/student/.m2/repository/org/opensaml/opensaml/2.5.1-1/opensaml-2.5.1-1.jar:/home/student/.m2/repository/org/opensaml/openws/1.4.2-1/openws-1.4.2-1.jar:/home/student/.m2/repository/org/opensaml/xmltooling/1.3.2-1/xmltooling-1.3.2-1.jar:/home/student/.m2/repository/org/slf4j/jcl-over-slf4j/1.6.1/jcl-over-slf4j-1.6.1.jar:/home/student/.m2/repository/org/slf4j/log4j-over-slf4j/1.6.1/log4j-over-slf4j-1.6.1.jar:/home/student/.m2/repository/org/slf4j/jul-to-slf4j/1.6.1/jul-to-slf4j-1.6.1.jar:/home/student/.m2/repository/org/bouncycastle/bcprov-jdk15/1.45/bcprov-jdk15-1.45.jar:/home/student/.m2/repository/org/apache/santuario/xmlsec/1.4.4/xmlsec-1.4.4.jar:/home/student/.m2/repository/ca/juliusdavies/not-yet-commons-ssl/0.3.9/not-yet-commons-ssl-0.3.9.jar:/home/student/.m2/repository/net/jcip/jcip-annotations/1.0/jcip-annotations-1.0.jar:/home/student/.m2/repository/velocity/velocity/1.5/velocity-1.5.jar:/home/student/.m2/repository/org/owasp/esapi/esapi/2.0GA/esapi-2.0GA.jar:/home/student/.m2/repository/xml-resolver/xml-resolver/1.2/xml-resolver-1.2.jar:/home/student/.m2/repository/xalan/xalan/2.7.1/xalan-2.7.1.jar:/home/student/.m2/repository/xalan/serializer/2.7.1/serializer-2.7.1.jar:/home/student/.m2/repository/junit/junit/4.12/junit-4.12.jar:/home/student/.m2/repository/org/hamcrest/hamcrest-core/1.3/hamcrest-core-1.3.jar:/home/student/.m2/repository/org/slf4j/slf4j-log4j12/1.7.5/slf4j-log4j12-1.7.5.jar:/home/student/.m2/repository/org/slf4j/slf4j-api/1.7.5/slf4j-api-1.7.5.jar:/home/student/.m2/repository/commons-io/commons-io/1.3.2/commons-io-1.3.2.jar:/home/student/.m2/repository/org/easymock/easymock/3.1/easymock-3.1.jar:/home/student/.m2/repository/cglib/cglib-nodep/2.2.2/cglib-nodep-2.2.2.jar:/home/student/.m2/repository/org/objenesis/objenesis/1.2/objenesis-1.2.jar:/home/student/.m2/repository/org/xwiki/platform/xwiki-core-shared-tests/2.4.4/xwiki-core-shared-tests-2.4.4.jar:/home/student/.m2/repository/org/jmock/jmock/2.5.1/jmock-2.5.1.jar:/home/student/.m2/repository/org/hamcrest/hamcrest-library/1.1/hamcrest-library-1.1.jar:/home/student/.m2/repository/org/jmock/jmock-junit4/2.5.1/jmock-junit4-2.5.1.jar:/home/student/.m2/repository/junit/junit-dep/4.4/junit-dep-4.4.jar:/home/student/.m2/repository/jmock/jmock/1.2.0/jmock-1.2.0.jar:/home/student/.m2/repository/jmock/jmock-cglib/1.2.0/jmock-cglib-1.2.0.jar:/home/student/.m2/repository/org/xwiki/platform/xwiki-core-component-default/2.4.4/xwiki-core-component-default-2.4.4.jar:/home/student/.m2/repository/org/xwiki/platform/xwiki-core-container-api/2.4.4/xwiki-core-container-api-2.4.4.jar:/home/student/.m2/repository/org/xwiki/platform/xwiki-core-configuration-api/2.4.4/xwiki-core-configuration-api-2.4.4.jar:/home/student/.m2/repository/org/apache/ant/ant/1.7.0/ant-1.7.0.jar:/home/student/.m2/repository/org/apache/ant/ant-launcher/1.7.0/ant-launcher-1.7.0.jar:/home/student/.m2/repository/com/xpn/xwiki/platform/xwiki-core/2.4.4/xwiki-core-2.4.4-tests.jar:/home/student/.m2/repository/org/mockito/mockito-all/1.7/mockito-all-1.7.jar:"/>
    <property name="org.apache.xml.security.ignoreLineBreaks" value="true"/>
    <property name="java.vm.specification.version" value="1.8"/>
    <property name="sun.arch.data.model" value="64"/>
    <property name="java.home" value="/usr/lib/jvm/java-8-openjdk-amd64/jre"/>
    <property name="sun.java.command" value="/tmp/surefirebooter206996026581773682.jar /tmp/surefire4906197411602273564tmp /tmp/surefire5940166082040724744tmp"/>
    <property name="java.specification.vendor" value="Oracle Corporation"/>
    <property name="user.language" value="en"/>
    <property name="awt.toolkit" value="sun.awt.X11.XToolkit"/>
    <property name="java.vm.info" value="mixed mode"/>
    <property name="java.version" value="1.8.0_111"/>
    <property name="java.ext.dirs" value="/usr/lib/jvm/java-8-openjdk-amd64/jre/lib/ext:/usr/java/packages/lib/ext"/>
    <property name="sun.boot.class.path" value="/usr/lib/jvm/java-8-openjdk-amd64/jre/lib/resources.jar:/usr/lib/jvm/java-8-openjdk-amd64/jre/lib/rt.jar:/usr/lib/jvm/java-8-openjdk-amd64/jre/lib/sunrsasign.jar:/usr/lib/jvm/java-8-openjdk-amd64/jre/lib/jsse.jar:/usr/lib/jvm/java-8-openjdk-amd64/jre/lib/jce.jar:/usr/lib/jvm/java-8-openjdk-amd64/jre/lib/charsets.jar:/usr/lib/jvm/java-8-openjdk-amd64/jre/lib/jfr.jar:/usr/lib/jvm/java-8-openjdk-amd64/jre/classes"/>
    <property name="java.vendor" value="Oracle Corporation"/>
    <property name="localRepository" value="/home/student/.m2/repository"/>
    <property name="file.separator" value="/"/>
    <property name="java.vendor.url.bug" value="http://bugreport.sun.com/bugreport/"/>
    <property name="sun.cpu.endian" value="little"/>
    <property name="sun.io.unicode.encoding" value="UnicodeLittle"/>
    <property name="sun.cpu.isalist" value=""/>
  </properties>
  <testcase classname="com.xwiki.authentication.sts.XWikiSTSAuthenticatorTest" name="checkAuthTest" time="2.123"/>
  <testcase classname="com.xwiki.authentication.sts.XWikiSTSAuthenticatorTest" name="checkSTSResponseTest" time="0.046"/>
  <testcase classname="com.xwiki.authentication.sts.XWikiSTSAuthenticatorTest" name="authenticateTest" time="0.132"/>
  <testcase classname="com.xwiki.authentication.sts.XWikiSTSAuthenticatorTest" name="showLoginTest" time="4.624"/>
</testsuite>